2026-01-03 23:28:27,663 - INFO - Loaded 3191 records.
2026-01-03 23:28:27,664 - INFO - Fetching batch 0 - 5...
2026-01-03 23:28:34,707 - INFO - Fetching labels for 117 properties...
2026-01-03 23:28:45,155 - INFO - Saved JSON-LD to output\sponsor_painter_kg.jsonld
2026-01-03 23:32:00,757 - INFO - Loaded 3191 records.
2026-01-03 23:32:00,758 - INFO - Fetching batch 0 - 50...
2026-01-03 23:32:06,315 - INFO - Fetching batch 50 - 100...
2026-01-03 23:32:11,415 - INFO - Fetching batch 100 - 150...
2026-01-03 23:32:14,980 - INFO - Fetching batch 150 - 200...
2026-01-03 23:32:18,547 - INFO - Fetching batch 200 - 250...
2026-01-03 23:32:22,147 - INFO - Fetching batch 250 - 300...
2026-01-03 23:32:26,726 - INFO - Fetching batch 300 - 350...
2026-01-03 23:32:31,037 - INFO - Fetching batch 350 - 400...
2026-01-03 23:32:34,923 - INFO - Fetching batch 400 - 450...
2026-01-03 23:32:38,811 - INFO - Fetching batch 450 - 500...
2026-01-03 23:32:43,038 - INFO - Fetching batch 500 - 550...
2026-01-03 23:32:48,191 - INFO - Fetching batch 550 - 600...
2026-01-03 23:32:52,652 - INFO - Fetching batch 600 - 650...
2026-01-03 23:32:56,699 - INFO - Fetching batch 650 - 700...
2026-01-03 23:33:01,928 - INFO - Fetching batch 700 - 750...
2026-01-03 23:33:06,939 - INFO - Fetching batch 750 - 800...
2026-01-03 23:33:10,668 - INFO - Fetching batch 800 - 850...
2026-01-03 23:33:14,148 - INFO - Fetching batch 850 - 900...
2026-01-03 23:33:19,074 - INFO - Fetching batch 900 - 950...
2026-01-03 23:34:06,397 - ERROR - Request failed: HTTPSConnectionPool(host='query.wikidata.org', port=443): Read timed out. (read timeout=45)
2026-01-03 23:34:26,998 - INFO - Fetching batch 950 - 1000...
2026-01-03 23:34:31,212 - INFO - Fetching batch 1000 - 1050...
2026-01-03 23:34:34,249 - INFO - Fetching batch 1050 - 1100...
2026-01-03 23:34:38,575 - INFO - Fetching batch 1100 - 1150...
2026-01-03 23:34:43,683 - INFO - Fetching batch 1150 - 1200...
2026-01-03 23:34:48,057 - INFO - Fetching batch 1200 - 1250...
2026-01-03 23:34:53,138 - INFO - Fetching batch 1250 - 1300...
2026-01-03 23:34:57,222 - INFO - Fetching batch 1300 - 1350...
2026-01-03 23:35:00,057 - INFO - Fetching batch 1350 - 1400...
2026-01-03 23:35:04,143 - INFO - Fetching batch 1400 - 1450...
2026-01-03 23:35:07,201 - INFO - Fetching batch 1450 - 1500...
2026-01-03 23:35:11,249 - INFO - Fetching batch 1500 - 1550...
2026-01-03 23:35:15,486 - INFO - Fetching batch 1550 - 1600...
2026-01-03 23:35:18,780 - INFO - Fetching batch 1600 - 1650...
2026-01-03 23:35:23,060 - INFO - Fetching batch 1650 - 1700...
2026-01-03 23:35:26,805 - INFO - Fetching batch 1700 - 1750...
2026-01-03 23:35:30,830 - INFO - Fetching batch 1750 - 1800...
2026-01-03 23:35:33,866 - INFO - Fetching batch 1800 - 1850...
2026-01-03 23:35:38,674 - INFO - Fetching batch 1850 - 1900...
2026-01-03 23:35:43,228 - INFO - Fetching batch 1900 - 1950...
2026-01-03 23:35:47,362 - INFO - Fetching batch 1950 - 2000...
2026-01-03 23:35:51,266 - INFO - Fetching batch 2000 - 2050...
2026-01-03 23:35:55,447 - INFO - Fetching batch 2050 - 2100...
2026-01-03 23:36:00,203 - INFO - Fetching batch 2100 - 2150...
2026-01-03 23:36:03,748 - INFO - Fetching batch 2150 - 2200...
2026-01-03 23:36:07,918 - INFO - Fetching batch 2200 - 2250...
2026-01-03 23:36:12,339 - INFO - Fetching batch 2250 - 2300...
2026-01-03 23:36:17,492 - INFO - Fetching batch 2300 - 2350...
2026-01-03 23:36:20,553 - INFO - Fetching batch 2350 - 2400...
2026-01-03 23:36:24,558 - INFO - Fetching batch 2400 - 2450...
2026-01-03 23:36:28,147 - INFO - Fetching batch 2450 - 2500...
2026-01-03 23:36:32,913 - INFO - Fetching batch 2500 - 2550...
2026-01-03 23:36:37,214 - INFO - Fetching batch 2550 - 2600...
2026-01-03 23:36:42,341 - INFO - Fetching batch 2600 - 2650...
2026-01-03 23:36:45,329 - INFO - Fetching batch 2650 - 2700...
2026-01-03 23:36:50,790 - INFO - Fetching batch 2700 - 2750...
2026-01-03 23:36:54,864 - INFO - Fetching batch 2750 - 2800...
2026-01-03 23:36:58,531 - INFO - Fetching batch 2800 - 2850...
2026-01-03 23:37:03,465 - INFO - Fetching batch 2850 - 2900...
2026-01-03 23:37:06,176 - INFO - Fetching batch 2900 - 2950...
2026-01-03 23:37:09,040 - INFO - Fetching batch 2950 - 3000...
2026-01-03 23:37:13,392 - INFO - Fetching batch 3000 - 3050...
2026-01-03 23:37:17,076 - INFO - Fetching batch 3050 - 3100...
2026-01-03 23:37:21,299 - INFO - Fetching batch 3100 - 3150...
2026-01-03 23:37:24,900 - INFO - Fetching batch 3150 - 3191...
2026-01-03 23:37:28,509 - INFO - Fetching labels for 3145 properties...
2026-01-03 23:40:23,510 - INFO - Saved JSON-LD to output\sponsor_painter_kg.jsonld
